2023-05-24 15:31:03,430 INFO o.s.b.StartupInfoLogger [main] Starting PaymentDataServicesApplication using Java 11.0.16 on bd10d75f6491 with PID 1 (/payment-data-services/lib/payment-data-services-0.0.1-SNAPSHOT.jar started by root in /payment-data-services)
2023-05-24 15:31:03,440 INFO o.s.b.SpringApplication [main] No active profile set, falling back to 1 default profile: "default"
2023-05-24 15:31:03,848 INFO o.s.d.r.c.RepositoryConfigurationDelegate [main] Bootstrapping Spring Data JPA repositories in DEFAULT mode.
2023-05-24 15:31:03,895 INFO o.s.d.r.c.RepositoryConfigurationDelegate [main] Finished Spring Data repository scanning in 36 ms. Found 1 JPA repository interfaces.
2023-05-24 15:31:04,483 INFO o.s.b.w.e.t.TomcatWebServer [main] Tomcat initialized with port(s): 8080 (http)
2023-05-24 15:31:04,503 INFO o.a.j.l.DirectJDKLog [main] Initializing ProtocolHandler ["http-nio-8080"]
2023-05-24 15:31:04,506 INFO o.a.j.l.DirectJDKLog [main] Starting service [Tomcat]
2023-05-24 15:31:04,508 INFO o.a.j.l.DirectJDKLog [main] Starting Servlet engine: [Apache Tomcat/9.0.70]
2023-05-24 15:31:04,575 INFO o.a.j.l.DirectJDKLog [main] Initializing Spring embedded WebApplicationContext
2023-05-24 15:31:04,579 INFO o.s.b.w.s.c.ServletWebServerApplicationContext [main] Root WebApplicationContext: initialization completed in 1093 ms
2023-05-24 15:31:04,735 INFO o.h.j.i.u.LogHelper [main] HHH000204: Processing PersistenceUnitInfo [name: default]
2023-05-24 15:31:04,791 INFO o.h.Version [main] HHH000412: Hibernate ORM core version 5.6.14.Final
2023-05-24 15:31:04,943 INFO o.h.a.c.r.j.JavaReflectionManager [main] HCANN000001: Hibernate Commons Annotations {5.1.2.Final}
2023-05-24 15:31:05,033 INFO c.z.h.HikariDataSource [main] HikariPool-1 - Starting...
2023-05-24 15:31:05,303 INFO c.z.h.HikariDataSource [main] HikariPool-1 - Start completed.
2023-05-24 15:31:05,320 INFO o.h.d.Dialect [main] HHH000400: Using dialect: org.hibernate.dialect.MySQL5InnoDBDialect
2023-05-24 15:31:05,791 DEBUG o.h.e.j.s.SqlStatementLogger [main] drop table if exists card
2023-05-24 15:31:05,822 DEBUG o.h.e.j.s.SqlStatementLogger [main] create table card (number varchar(255) not null, expiration varchar(255), owner varchar(255), type varchar(255), primary key (number)) engine=InnoDB
2023-05-24 15:31:05,844 INFO o.h.e.t.j.p.i.JtaPlatformInitiator [main] HHH000490: Using JtaPlatform implementation: [org.hibernate.engine.transaction.jta.platform.internal.NoJtaPlatform]
2023-05-24 15:31:05,852 INFO o.s.o.j.AbstractEntityManagerFactoryBean [main] Initialized JPA EntityManagerFactory for persistence unit 'default'
2023-05-24 15:31:06,140 WARN o.s.b.a.o.j.JpaBaseConfiguration$JpaWebConfiguration [main] spring.jpa.open-in-view is enabled by default. Therefore, database queries may be performed during view rendering. Explicitly configure spring.jpa.open-in-view to disable this warning
2023-05-24 15:31:06,434 INFO o.a.j.l.DirectJDKLog [main] Starting ProtocolHandler ["http-nio-8080"]
2023-05-24 15:31:06,451 INFO o.s.b.w.e.t.TomcatWebServer [main] Tomcat started on port(s): 8080 (http) with context path ''
2023-05-24 15:31:06,462 INFO o.s.b.StartupInfoLogger [main] Started PaymentDataServicesApplication in 3.529 seconds (JVM running for 4.26)
2023-05-24 15:31:06,466 INFO c.n.c.p.PaymentDataServicesApplication [main] terminating Payment Data Services Application
2023-05-24 15:31:32,314 INFO o.a.j.l.DirectJDKLog [http-nio-8080-exec-1] Initializing Spring DispatcherServlet 'dispatcherServlet'
2023-05-24 15:31:32,316 INFO o.s.w.s.FrameworkServlet [http-nio-8080-exec-1] Initializing Servlet 'dispatcherServlet'
2023-05-24 15:31:32,318 INFO o.s.w.s.FrameworkServlet [http-nio-8080-exec-1] Completed initialization in 1 ms
2023-05-24 15:33:41,573 INFO o.s.o.j.AbstractEntityManagerFactoryBean [SpringApplicationShutdownHook] Closing JPA EntityManagerFactory for persistence unit 'default'
2023-05-24 15:33:41,578 INFO c.z.h.HikariDataSource [SpringApplicationShutdownHook] HikariPool-1 - Shutdown initiated...
2023-05-24 15:33:41,612 INFO c.z.h.HikariDataSource [SpringApplicationShutdownHook] HikariPool-1 - Shutdown completed.
